d:\dropbox\uni\videojocs1\practica5\gameobjects\gameobjects\debug\vc120.pdb
d:\dropbox\uni\videojocs1\practica5\gameobjects\gameobjects\debug\vc120.idb
d:\dropbox\uni\videojocs1\practica5\gameobjects\gameobjects\debug\gameobjectfactory.obj
d:\dropbox\uni\videojocs1\practica5\gameobjects\gameobjects\debug\plataformerobject.obj
d:\dropbox\uni\videojocs1\practica5\gameobjects\gameobjects\debug\texturemanager.obj
d:\dropbox\uni\videojocs1\practica5\gameobjects\gameobjects\debug\tinystr.obj
d:\dropbox\uni\videojocs1\practica5\gameobjects\gameobjects\debug\tinyxml.obj
d:\dropbox\uni\videojocs1\practica5\gameobjects\gameobjects\debug\tinyxmlerror.obj
d:\dropbox\uni\videojocs1\practica5\gameobjects\gameobjects\debug\tinyxmlparser.obj
d:\dropbox\uni\videojocs1\practica5\gameobjects\gameobjects\debug\vector2d.obj
d:\dropbox\uni\videojocs1\practica5\gameobjects\gameobjects\debug\base64.obj
d:\dropbox\uni\videojocs1\practica5\gameobjects\gameobjects\debug\cargol.obj
d:\dropbox\uni\videojocs1\practica5\gameobjects\gameobjects\debug\collisionmanager.obj
d:\dropbox\uni\videojocs1\practica5\gameobjects\gameobjects\debug\cranc.obj
d:\dropbox\uni\videojocs1\practica5\gameobjects\gameobjects\debug\gameobject.obj
d:\dropbox\uni\videojocs1\practica5\gameobjects\gameobjects\debug\felippuig.obj
d:\dropbox\uni\videojocs1\practica5\gameobjects\gameobjects\debug\game.obj
d:\dropbox\uni\videojocs1\practica5\gameobjects\gameobjects\debug\gamestatemachine.obj
d:\dropbox\uni\videojocs1\practica5\gameobjects\gameobjects\debug\inputhandler.obj
d:\dropbox\uni\videojocs1\practica5\gameobjects\gameobjects\debug\levelparser.obj
d:\dropbox\uni\videojocs1\practica5\gameobjects\gameobjects\debug\menubutton.obj
d:\dropbox\uni\videojocs1\practica5\gameobjects\gameobjects\debug\menustate.obj
d:\dropbox\uni\videojocs1\practica5\gameobjects\gameobjects\debug\objectlayer.obj
d:\dropbox\uni\videojocs1\practica5\gameobjects\gameobjects\debug\pausestate.obj
d:\dropbox\uni\videojocs1\practica5\gameobjects\gameobjects\debug\playstate.obj
d:\dropbox\uni\videojocs1\practica5\gameobjects\gameobjects\debug\stateparser.obj
d:\dropbox\uni\videojocs1\practica5\gameobjects\gameobjects\debug\tilelayer.obj
d:\dropbox\uni\videojocs1\practica5\gameobjects\gameobjects\debug\main.obj
d:\dropbox\uni\videojocs1\practica5\gameobjects\gameobjects\debug\level.obj
d:\dropbox\uni\videojocs1\practica5\gameobjects\debug\gameobjects.pdb
d:\dropbox\uni\videojocs1\practica5\gameobjects\gameobjects\debug\gameobjects.tlog\cl.command.1.tlog
d:\dropbox\uni\videojocs1\practica5\gameobjects\gameobjects\debug\gameobjects.tlog\cl.read.1.tlog
d:\dropbox\uni\videojocs1\practica5\gameobjects\gameobjects\debug\gameobjects.tlog\cl.write.1.tlog
d:\dropbox\uni\videojocs1\practica5\gameobjects\gameobjects\debug\gameobjects.tlog\link.2012-cvtres.read.1.tlog
d:\dropbox\uni\videojocs1\practica5\gameobjects\gameobjects\debug\gameobjects.tlog\link.2012-cvtres.write.1.tlog
d:\dropbox\uni\videojocs1\practica5\gameobjects\gameobjects\debug\gameobjects.tlog\link.2012-rc.read.1.tlog
d:\dropbox\uni\videojocs1\practica5\gameobjects\gameobjects\debug\gameobjects.tlog\link.2012-rc.write.1.tlog
d:\dropbox\uni\videojocs1\practica5\gameobjects\gameobjects\debug\gameobjects.tlog\link.2012.read.1.tlog
d:\dropbox\uni\videojocs1\practica5\gameobjects\gameobjects\debug\gameobjects.tlog\link.2012.write.1.tlog
d:\dropbox\uni\videojocs1\practica5\gameobjects\gameobjects\debug\gameobjects.tlog\link.command.1.tlog
d:\dropbox\uni\videojocs1\practica5\gameobjects\gameobjects\debug\gameobjects.tlog\link.read.1.tlog
d:\dropbox\uni\videojocs1\practica5\gameobjects\gameobjects\debug\gameobjects.tlog\link.write.1.tlog
